[    0.000000] Linux version 4.15.0-212-generic (buildd@lcy02-amd64-083) (gcc version 7.5.0 (Ubuntu 7.5.0-3ubuntu1~18.04)) #223-Ubuntu SMP Tue May 23 13:09:22 UTC 2023 (Ubuntu 4.15.0-212.223-generic 4.15.18)
[    0.000000] Command line: BOOT_IMAGE=/boot/vmlinuz-4.15.0-212-generic root=LABEL=cloudimg-rootfs ro console=tty1 console=ttyS0
[    0.000000] KERNEL supported cpus:
[    0.000000]   Intel GenuineIntel
[    0.000000]   AMD AuthenticAMD
[    0.000000]   Centaur CentaurHauls
[    0.000000] x86/fpu: x87 FPU will use FXSAVE
[    0.000000] e820: BIOS-provided physical RAM map:
[    0.000000] BIOS-e820: [mem 0x0000000000000000-0x000000000009fbff] usable
[    0.000000] BIOS-e820: [mem 0x000000000009fc00-0x000000000009ffff] reserved
[    0.000000] BIOS-e820: [mem 0x00000000000f0000-0x00000000000fffff] reserved
[    0.000000] BIOS-e820: [mem 0x0000000000100000-0x000000003ffeffff] usable
[    0.000000] BIOS-e820: [mem 0x000000003fff0000-0x000000003fffffff] ACPI data
[    0.000000] BIOS-e820: [mem 0x00000000fec00000-0x00000000fec00fff] reserved
[    0.000000] BIOS-e820: [mem 0x00000000fee00000-0x00000000fee00fff] reserved
[    0.000000] BIOS-e820: [mem 0x00000000fffc0000-0x00000000ffffffff] reserved
[    0.000000] NX (Execute Disable) protection: active
[    0.000000] SMBIOS 2.5 present.
[    0.000000] DMI: innotek GmbH VirtualBox/VirtualBox, BIOS VirtualBox 12/01/2006
[    0.000000] Hypervisor detected: KVM
[    0.000000] e820: last_pfn = 0x3fff0 max_arch_pfn = 0x400000000
[    0.000000] MTRR: Disabled
[    0.000000] x86/PAT: MTRRs disabled, skipping PAT initialization too.
[    0.000000] CPU MTRRs all blank - virtualized system.
[    0.000000] x86/PAT: Configuration [0-7]: WB  WT  UC- UC  WB  WT  UC- UC  
[    0.000000] found SMP MP-table at [mem 0x0009fff0-0x0009ffff]
[    0.000000] Scanning 1 areas for low memory corruption
[    0.000000] RAMDISK: [mem 0x359cb000-0x36cdcfff]
[    0.000000] ACPI: Early table checksum verification disabled
[    0.000000] ACPI: RSDP 0x00000000000E0000 000024 (v02 VBOX  )
[    0.000000] ACPI: XSDT 0x000000003FFF0030 00003C (v01 VBOX   VBOXXSDT 00000001 ASL  00000061)
[    0.000000] ACPI: FACP 0x000000003FFF00F0 0000F4 (v04 VBOX   VBOXFACP 00000001 ASL  00000061)
[    0.000000] ACPI: DSDT 0x000000003FFF0610 002353 (v02 VBOX   VBOXBIOS 00000002 INTL 20100528)
[    0.000000] ACPI: FACS 0x000000003FFF0200 000040
[    0.000000] ACPI: FACS 0x000000003FFF0200 000040
[    0.000000] ACPI: APIC 0x000000003FFF0240 00005C (v02 VBOX   VBOXAPIC 00000001 ASL  00000061)
[    0.000000] ACPI: SSDT 0x000000003FFF02A0 00036C (v01 VBOX   VBOXCPUT 00000002 INTL 20100528)
[    0.000000] ACPI: Reserving FACP table memory at [mem 0x3fff00f0-0x3fff01e3]
[    0.000000] ACPI: Reserving DSDT table memory at [mem 0x3fff0610-0x3fff2962]
[    0.000000] ACPI: Reserving FACS table memory at [mem 0x3fff0200-0x3fff023f]
[    0.000000] ACPI: Reserving FACS table memory at [mem 0x3fff0200-0x3fff023f]
[    0.000000] ACPI: Reserving APIC table memory at [mem 0x3fff0240-0x3fff029b]
[    0.000000] ACPI: Reserving SSDT table memory at [mem 0x3fff02a0-0x3fff060b]
[    0.000000] No NUMA configuration found
[    0.000000] Faking a node at [mem 0x0000000000000000-0x000000003ffeffff]
[    0.000000] NODE_DATA(0) allocated [mem 0x3ffc5000-0x3ffeffff]
[    0.000000] kvm-clock: cpu 0, msr 0:3ff44001, primary cpu clock
[    0.000000] kvm-clock: Using msrs 4b564d01 and 4b564d00
[    0.000000] kvm-clock: using sched offset of 3633754431 cycles
[    0.000000] clocksource: kvm-clock: mask: 0xffffffffffffffff max_cycles: 0x1cd42e4dffb, max_idle_ns: 881590591483 ns
[    0.000000] Zone ranges:
[    0.000000]   DMA      [mem 0x0000000000001000-0x0000000000ffffff]
[    0.000000]   DMA32    [mem 0x0000000001000000-0x000000003ffeffff]
[    0.000000]   Normal   empty
[    0.000000]   Device   empty
[    0.000000] Movable zone start for each node
[    0.000000] Early memory node ranges
[    0.000000]   node   0: [mem 0x0000000000001000-0x000000000009efff]
[    0.000000]   node   0: [mem 0x0000000000100000-0x000000003ffeffff]
[    0.000000] Reserved but unavailable: 104 pages
[    0.000000] Initmem setup node 0 [mem 0x0000000000001000-0x000000003ffeffff]
[    0.000000] ACPI: PM-Timer IO Port: 0x4008
[    0.000000] IOAPIC[0]: apic_id 2, version 32, address 0xfec00000, GSI 0-23
[    0.000000] ACPI: INT_SRC_OVR (bus 0 bus_irq 0 global_irq 2 dfl dfl)
[    0.000000] ACPI: INT_SRC_OVR (bus 0 bus_irq 9 global_irq 9 low level)
[    0.000000] Using ACPI (MADT) for SMP configuration information
[    0.000000] smpboot: Allowing 2 CPUs, 0 hotplug CPUs
[    0.000000] PM: Registered nosave memory: [mem 0x00000000-0x00000fff]
[    0.000000] PM: Registered nosave memory: [mem 0x0009f000-0x0009ffff]
[    0.000000] PM: Registered nosave memory: [mem 0x000a0000-0x000effff]
[    0.000000] PM: Registered nosave memory: [mem 0x000f0000-0x000fffff]
[    0.000000] e820: [mem 0x40000000-0xfebfffff] available for PCI devices
[    0.000000] Booting paravirtualized kernel on KVM
[    0.000000] clocksource: refined-jiffies: mask: 0xffffffff max_cycles: 0xffffffff, max_idle_ns: 7645519600211568 ns
[    0.000000] setup_percpu: NR_CPUS:8192 nr_cpumask_bits:2 nr_cpu_ids:2 nr_node_ids:1
[    0.000000] percpu: Embedded 50 pages/cpu s167936 r8192 d28672 u1048576
[    0.000000] PV qspinlock hash table entries: 256 (order: 0, 4096 bytes)
[    0.000000] Built 1 zonelists, mobility grouping on.  Total pages: 257913
[    0.000000] Policy zone: DMA32
[    0.000000] Kernel command line: BOOT_IMAGE=/boot/vmlinuz-4.15.0-212-generic root=LABEL=cloudimg-rootfs ro console=tty1 console=ttyS0
[    0.000000] Memory: 982644K/1048120K available (12300K kernel code, 2477K rwdata, 4324K rodata, 2480K init, 2720K bss, 65476K reserved, 0K cma-reserved)
[    0.000000] SLUB: HWalign=64, Order=0-3, MinObjects=0, CPUs=2, Nodes=1
[    0.000000] ftrace: allocating 39508 entries in 155 pages
[    0.004000] Hierarchical RCU implementation.
[    0.004000] 	RCU restricting CPUs from NR_CPUS=8192 to nr_cpu_ids=2.
[    0.004000] 	Tasks RCU enabled.
[    0.004000] RCU: Adjusting geometry for rcu_fanout_leaf=16, nr_cpu_ids=2
[    0.004000] NR_IRQS: 524544, nr_irqs: 440, preallocated irqs: 16
[    0.004000] random: crng init done
[    0.004000] Console: colour VGA+ 80x25
[    0.004000] console [tty1] enabled
[    0.004000] console [ttyS0] enabled
[    0.004000] ACPI: Core revision 20170831
[    0.004000] ACPI: 2 ACPI AML tables successfully acquired and loaded
[    0.004000] APIC: Switch to symmetric I/O mode setup
[    0.004000] ..TIMER: vector=0x30 apic1=0 pin1=2 apic2=-1 pin2=-1
[    0.004004] tsc: Detected 2592.008 MHz processor
[    0.008021] Calibrating delay loop (skipped) preset value.. 5184.01 BogoMIPS (lpj=10368032)
[    0.012002] pid_max: default: 32768 minimum: 301
[    0.016055] Security Framework initialized
[    0.020002] Yama: becoming mindful.
[    0.022518] AppArmor: AppArmor initialized
[    0.030363] Dentry cache hash table entries: 131072 (order: 8, 1048576 bytes)
[    0.033562] Inode-cache hash table entries: 65536 (order: 7, 524288 bytes)
[    0.036059] Mount-cache hash table entries: 2048 (order: 2, 16384 bytes)
[    0.040058] Mountpoint-cache hash table entries: 2048 (order: 2, 16384 bytes)
[    0.045704] Last level iTLB entries: 4KB 64, 2MB 8, 4MB 8
[    0.048002] Last level dTLB entries: 4KB 64, 2MB 0, 4MB 0, 1GB 4
[    0.052003] Spectre V1 : Mitigation: usercopy/swapgs barriers and __user pointer sanitization
[    0.056002] Spectre V2 : Mitigation: Enhanced IBRS
[    0.059190] Spectre V2 : Spectre v2 / SpectreRSB mitigation: Filling RSB on context switch
[    0.060001] Spectre V2 : Spectre v2 / PBRSB-eIBRS: Retire a single CALL on VMEXIT
[    0.064002] RETBleed: Mitigation: Enhanced IBRS
[    0.068002] Speculative Store Bypass: Vulnerable
[    0.072040] MMIO Stale Data: Vulnerable: Clear CPU buffers attempted, no microcode
[    0.076002] SRBDS: Unknown: Dependent on hypervisor status
[    0.080135] Freeing SMP alternatives memory: 36K
[    0.196574] APIC calibration not consistent with PM-Timer: 101ms instead of 100ms
[    0.200000] APIC delta adjusted to PM-Timer: 6282191 (6391740)
[    0.200285] smpboot: CPU0: Intel(R) Core(TM) i7-10750H CPU @ 2.60GHz (family: 0x6, model: 0xa5, stepping: 0x2)
[    0.208387] Performance Events: unsupported p6 CPU model 165 no PMU driver, software events only.
[    0.212114] Hierarchical SRCU implementation.
[    0.216662] NMI watchdog: Perf event create on CPU 0 failed with -2
[    0.220002] NMI watchdog: Perf NMI watchdog permanently disabled
[    0.224269] smp: Bringing up secondary CPUs ...
[    0.228819] x86: Booting SMP configuration:
[    0.232003] .... node  #0, CPUs:      #1
[    0.004000] kvm-clock: cpu 1, msr 0:3ff44041, secondary cpu clock
[    0.244000] TSC synchronization [CPU#0 -> CPU#1]:
[    0.244000] Measured 92264 cycles TSC warp between CPUs, turning off TSC clock.
[    0.244000] tsc: Marking TSC unstable due to check_tsc_sync_source failed
[    0.248225] smp: Brought up 1 node, 2 CPUs
[    0.250724] smpboot: Max logical packages: 1
[    0.252113] smpboot: Total of 2 processors activated (10368.03 BogoMIPS)
[    0.260477] devtmpfs: initialized
[    0.262782] x86/mm: Memory block size: 128MB
[    0.264399] evm: security.selinux
[    0.268002] evm: security.SMACK64
[    0.270213] evm: security.SMACK64EXEC
[    0.272022] evm: security.SMACK64TRANSMUTE
[    0.274870] evm: security.SMACK64MMAP
[    0.276002] evm: security.apparmor
[    0.278393] evm: security.ima
[    0.280002] evm: security.capability
[    0.284333] clocksource: jiffies: mask: 0xffffffff max_cycles: 0xffffffff, max_idle_ns: 7645041785100000 ns
[    0.288011] futex hash table entries: 512 (order: 3, 32768 bytes)
[    0.292000] pinctrl core: initialized pinctrl subsystem
[    0.292450] RTC time:  5:03:14, date: 10/19/24
[    0.296964] NET: Registered protocol family 16
[    0.300100] audit: initializing netlink subsys (disabled)
[    0.304166] audit: type=2000 audit(1729314198.837:1): state=initialized audit_enabled=0 res=1
[    0.312005] cpuidle: using governor ladder
[    0.316006] cpuidle: using governor menu
[    0.318871] ACPI: bus type PCI registered
[    0.320002] acpiphp: ACPI Hot Plug PCI Controller Driver version: 0.5
[    0.324488] PCI: Using configuration type 1 for base access
[    0.332258] HugeTLB registered 2.00 MiB page size, pre-allocated 0 pages
[    0.340214] ACPI: Added _OSI(Module Device)
[    0.343129] ACPI: Added _OSI(Processor Device)
[    0.344023] ACPI: Added _OSI(3.0 _SCP Extensions)
[    0.348003] ACPI: Added _OSI(Processor Aggregator Device)
[    0.352003] ACPI: Added _OSI(Linux-Dell-Video)
[    0.356002] ACPI: Added _OSI(Linux-Lenovo-NV-HDMI-Audio)
[    0.359406] ACPI: Added _OSI(Linux-HPI-Hybrid-Graphics)
[    0.360684] ACPI: Executed 1 blocks of module-level executable AML code
[    0.369803] ACPI: Interpreter enabled
[    0.372000] ACPI: (supports S0 S5)
[    0.372003] ACPI: Using IOAPIC for interrupt routing
[    0.376324] PCI: Using host bridge windows from ACPI; if necessary, use "pci=nocrs" and report a bug
[    0.380188] ACPI: Enabled 2 GPEs in block 00 to 07
[    0.392000] ACPI: PCI Root Bridge [PCI0] (domain 0000 [bus 00-ff])
[    0.392006] acpi PNP0A03:00: _OSC: OS supports [ASPM ClockPM Segments MSI]
[    0.396623] acpi PNP0A03:00: _OSC: not requesting OS control; OS requires [ExtendedConfig ASPM ClockPM MSI]
[    0.400009] acpi PNP0A03:00: fail to add MMCONFIG information, can't access extended PCI configuration space under this bridge.
[    0.404631] PCI host bridge to bus 0000:00
[    0.408003] pci_bus 0000:00: root bus resource [io  0x0000-0x0cf7 window]
[    0.412003] pci_bus 0000:00: root bus resource [io  0x0d00-0xffff window]
[    0.416003] pci_bus 0000:00: root bus resource [mem 0x000a0000-0x000bffff window]
[    0.420003] pci_bus 0000:00: root bus resource [mem 0x40000000-0xfdffffff window]
[    0.424003] pci_bus 0000:00: root bus resource [bus 00-ff]
[    0.436168] pci 0000:00:01.1: legacy IDE quirk: reg 0x10: [io  0x01f0-0x01f7]
[    0.440002] pci 0000:00:01.1: legacy IDE quirk: reg 0x14: [io  0x03f6]
[    0.444003] pci 0000:00:01.1: legacy IDE quirk: reg 0x18: [io  0x0170-0x0177]
[    0.448003] pci 0000:00:01.1: legacy IDE quirk: reg 0x1c: [io  0x0376]
[    0.474083] pci 0000:00:07.0: quirk: [io  0x4000-0x403f] claimed by PIIX4 ACPI
[    0.476036] pci 0000:00:07.0: quirk: [io  0x4100-0x410f] claimed by PIIX4 SMB
[    0.489767] ACPI: PCI Interrupt Link [LNKA] (IRQs 5 9 10 *11)
[    0.492473] ACPI: PCI Interrupt Link [LNKB] (IRQs 5 9 *10 11)
[    0.496173] ACPI: PCI Interrupt Link [LNKC] (IRQs 5 *9 10 11)
[    0.500167] ACPI: PCI Interrupt Link [LNKD] (IRQs 5 9 10 *11)
[    0.508664] SCSI subsystem initialized
[    0.512103] pci 0000:00:02.0: vgaarb: setting as boot VGA device
[    0.515888] pci 0000:00:02.0: vgaarb: VGA device added: decodes=io+mem,owns=io+mem,locks=none
[    0.516004] pci 0000:00:02.0: vgaarb: bridge control possible
[    0.520002] vgaarb: loaded
[    0.524077] ACPI: bus type USB registered
[    0.527042] usbcore: registered new interface driver usbfs
[    0.528030] usbcore: registered new interface driver hub
[    0.531438] usbcore: registered new device driver usb
[    0.536191] EDAC MC: Ver: 3.0.0
[    0.544179] PCI: Using ACPI for IRQ routing
[    0.548620] NetLabel: Initializing
[    0.550903] NetLabel:  domain hash size = 128
[    0.552002] NetLabel:  protocols = UNLABELED CIPSOv4 CALIPSO
[    0.556017] NetLabel:  unlabeled traffic allowed by default
[    0.560183] clocksource: Switched to clocksource kvm-clock
[    0.568283] VFS: Disk quotas dquot_6.6.0
[    0.568283] VFS: Dquot-cache hash table entries: 512 (order 0, 4096 bytes)
[    0.568283] AppArmor: AppArmor Filesystem Enabled
[    0.568283] pnp: PnP ACPI init
[    0.568283] pnp: PnP ACPI: found 3 devices
[    0.651479] clocksource: acpi_pm: mask: 0xffffff max_cycles: 0xffffff, max_idle_ns: 2085701024 ns
[    0.652358] NET: Registered protocol family 2
[    0.652358] IP idents hash table entries: 16384 (order: 5, 131072 bytes)
[    0.665808] TCP established hash table entries: 8192 (order: 4, 65536 bytes)
[    0.671030] TCP bind hash table entries: 8192 (order: 5, 131072 bytes)
[    0.675677] TCP: Hash tables configured (established 8192 bind 8192)
[    0.679247] UDP hash table entries: 512 (order: 2, 16384 bytes)
[    0.679247] UDP-Lite hash table entries: 512 (order: 2, 16384 bytes)
[    0.679247] NET: Registered protocol family 1
[    0.679247] pci 0000:00:00.0: Limiting direct PCI/PCI transfers
[    0.679247] pci 0000:00:01.0: Activating ISA DMA hang workarounds
[    0.679247] pci 0000:00:02.0: Video device with shadowed ROM at [mem 0x000c0000-0x000dffff]
[    0.679247] Unpacking initramfs...
[    1.108986] Freeing initrd memory: 19528K
[    1.112406] clocksource: tsc: mask: 0xffffffffffffffff max_cycles: 0x255cbea3061, max_idle_ns: 440795313801 ns
[    1.119354] platform rtc_cmos: registered platform RTC device (no PNP device found)
[    1.124697] Scanning for low memory corruption every 60 seconds
[    1.131919] Initialise system trusted keyrings
[    1.136579] Key type blacklist registered
[    1.140435] workingset: timestamp_bits=36 max_order=18 bucket_order=0
[    1.147511] zbud: loaded
[    1.150690] squashfs: version 4.0 (2009/01/31) Phillip Lougher
[    1.156224] fuse init (API version 7.26)
[    1.184790] Key type asymmetric registered
[    1.187502] Asymmetric key parser 'x509' registered
[    1.190858] Block layer SCSI generic (bsg) driver version 0.4 loaded (major 246)
[    1.196354] io scheduler noop registered
[    1.198966] io scheduler deadline registered
[    1.201954] io scheduler cfq registered (default)
[    1.206029] ACPI: AC Adapter [AC] (on-line)
[    1.209003] input: Power Button as /devices/LNXSYSTM:00/LNXPWRBN:00/input/input0
[    1.214174] ACPI: Power Button [PWRF]
[    1.217173] input: Sleep Button as /devices/LNXSYSTM:00/LNXSLPBN:00/input/input1
[    1.222165] ACPI: Sleep Button [SLPF]
[    1.226980] ACPI: Battery Slot [BAT0] (battery present)
[    1.231425] Serial: 8250/16550 driver, 32 ports, IRQ sharing enabled
[    1.26096] 00:02: ttyS0 at I/O 0x3f8 (rq = 4, base_baud = 115200) is a 16550A
[    1.280241] Linux agpgart interface v0.103
[    1.291177] loop: module loaded
[    1.295965] scsi host0: ata_piix
[    1.299060] scsi host1: ata_piix
[    1.301429] ata1: PATA max UDMA/33 cmd 0x1f0 ctl 0x3f6 bmdma 0xd000 irq 14
[    1.305803] ata2: PATA max UDMA/33 cmd 0x170 ctl 0x376 bmdma 0xd008 irq 15
[    1.310398] tun: Universal TUN/TAP device driver, 1.6
[    1.313995] PPP generic driver version 2.4.2
[    1.316966] ehci_hcd: USB 2.0 'Enhanced' Host Controller (EHCI) Driver
[    1.321251] ehci-pci: EHCI PCI platform driver
[    1.324154] ehci-platform: EHCI generic platform driver
[    1.327666] ohci_hcd: USB 1.1 'Open' Host Controller (OHCI) Driver
[    1.332159] ohci-pci: OHCI PCI platform driver
[    1.335166] ohci-platform: OHCI generic platform driver
[    1.338767] uhci_hcd: USB Universal Host Controller Interface driver
[    1.343036] i8042: PNP: PS/2 Controller [PNP0303:PS2K,PNP0f03:PS2M] at 0x60,0x64 irq 1,12
[    1.350695] serio: i8042 KBD port at 0x60,0x64 irq 1
[    1.354009] serio: i8042 AUX port at 0x60,0x64 irq 12
[    1.357526] mousedev: PS/2 mouse device common for all mice
[    1.363234] rtc_cmos rtc_cmos: rtc core: registered rtc_cmos as rtc0
[    1.368641] rtc_cmos rtc_cmos: alarms up to one day, 114 bytes nvram
[    1.373382] i2c /dev entries driver
[    1.375883] input: AT Translated Set 2 keyboard as /devices/platform/i8042/serio0/input/input2
[    1.381602] device-mapper: uevent: version 1.0.3
[    1.385176] device-mapper: ioctl: 4.37.0-ioctl (2017-09-20) initialised: dm-devel@redhat.com
[    1.391335] ledtrig-cpu: registered to indicate activity on CPUs
[    1.397351] NET: Registered protocol family 10
[    1.408123] Segment Routing with IPv6
[    1.410841] NET: Registered protocol family 17
[    1.414966] Key type dns_resolver registered
[    1.418929] mce: Using 0 MCE banks
[    1.421762] RAS: Correctable Errors collector initialized.
[    1.426401] sched_clock: Marking stable (1426350311, 0)->(1963199782, -536849471)
[    1.436051] registered taskstats version 1
[    1.439166] Loading compiled-in X.509 certificates
[    1.446380] Loaded X.509 cert 'Build time autogenerated kernel key: b5b26778eaa3ab3a4a6cee031137706e947d12ad'
[    1.453784] Loaded X.509 cert 'Canonical Ltd. Live Patch Signing: 14df34d1a87cf37625abec039ef2bf521249b969'
[    1.460667] Loaded X.509 cert 'Canonical Ltd. Kernel Module Signing: 88f752e560a1e0737e31163a466ad7b70a850c19'
[    1.467403] blacklist: Loading compiled-in revocation X.509 certificates
[    1.476196] Loaded X.509 cert 'Canonical Ltd. Secure Boot Signing: 61482aa2830d0ab2ad5af10b7250da9033ddcef0'
[    1.482400] Loaded X.509 cert 'Canonical Ltd. Secure Boot Signing (2017): 242ade75ac4a15e50d50c84b0d45ff3eae707a03'
[    1.489394] Loaded X.509 cert 'Canonical Ltd. Secure Boot Signing (ESM 2018): 365188c1d374d6b07c3c8f240f8ef722433d6a8b'
[    1.518447] Loaded X.509 cert 'Canonical Ltd. Secure Boot Signing (2019): c0746fd6c5da3ae827864651ad66ae47fe24b3e8'
[    1.525274] Loaded X.509 cert 'Canonical Ltd. Secure Boot Signing (2021 v1): a8d54bbb3825cfb94fa13c9f8a594a195c107b8d'
[    1.532168] Loaded X.509 cert 'Canonical Ltd. Secure Boot Signing (2021 v2): 4cf046892d6fd3c9a5b03f98d845f90851dc6a8c'
[    1.539449] Loaded X.509 cert 'Canonical Ltd. Secure Boot Signing (2021 v3): 100437bb6de6e469b581e61cd66bce3ef4ed53af'
[    1.546223] Loaded X.509 cert 'Canonical Ltd. Secure Boot Signing (Ubuntu Core 2019): c1d57b8f6b743f23ee41f4f7ee292f06eecadfb9'
[    1.553473] zswap: loaded using pool lzo/zbud
[    1.563698] Key type big_key registered
[    1.566571] Key type trusted registered
[    1.573814] Key type encrypted registered
[    1.576626] AppArmor: AppArmor sha1 policy hashing enabled
[    1.580451] ima: No TPM chip found, activating TPM-bypass! (rc=-19)
[    1.584776] ima: Allocated hash algorithm: sha1
[    1.588119] evm: HMAC attrs: 0x1
[    1.591028]   Magic number: 12:493:62
[    1.593995] rtc_cmos rtc_cmos: setting system clock to 2024-10-19 05:03:15 UTC (1729314195)
[    1.600836] BIOS EDD facility v0.16 2004-Jun-25, 0 devices found
[    1.605479] EDD information not available.
[    1.610967] Freeing unused kernel image memory: 2480K
[    1.628523] Write protecting the kernel read-only data: 20480k
[    1.634614] Freeing unused kernel image memory: 2008K
[    1.639162] Freeing unused kernel image memory: 1820K
[    1.648516] x86/mm: Checked W+X mappings: passed, no W+X pages found.
Loading, please wait...
starting version 237
[    1.716862] e1000: Intel(R) PRO/1000 Network Driver - version 7.3.21-k8-NAPI
[    1.723109] e1000: Copyright (c) 1999-2006 Intel Corporation.
[    1.733469] Fusion MPT base driver 3.04.20
[    1.737675] Copyright (c) 1999-2008 LSI Corporation
[    1.762299] Fusion MPT SPI Host driver 3.04.20
[    1.762337] SSE version of gcm_enc/dec engaged.
[    1.975550] input: ImExPS/2 Generic Explorer Mouse as /devices/platform/i8042/serio1/input/input4
[    2.364094] e1000 0000:00:03.0 eth0: (PCI:33MHz:32-bit) 02:3b:7b:b7:3b:2d
[    2.368946] e1000 0000:00:03.0 eth0: Intel(R) PRO/1000 Network Connection
[    2.375256] mptbase: ioc0: Initiating bringup
[    2.519710] ioc0: LSI53C1030 A0: Capabilities={Initiator}
[    4.399157] scsi host2: ioc0: LSI53C1030 A0, FwRev=00000000h, Ports=1, MaxQ=256, IRQ=20
[    4.826674] scsi 2:0:0:0: Direct-Access     VBOX     HARDDISK         1.0  PQ: 0 ANSI: 5
[    4.872844] scsi target2:0:0: Beginning Domain Validation
[    4.882013] scsi target2:0:0: Domain Validation skipping write tests
[    4.887129] scsi target2:0:0: Ending Domain Validation
[    4.890779] scsi target2:0:0: asynchronous
[    4.896457] scsi 2:0:1:0: Direct-Access     VBOX     HARDDISK         1.0  PQ: 0 ANSI: 5
[    5.264187] scsi target2:0:1: Beginning Domain Validation
[    5.273942] scsi target2:0:1: Domain Validation skipping write tests
[    5.278407] scsi target2:0:1: Ending Domain Validation
[    5.282194] scsi target2:0:1: asynchronous
[    5.294704] sd 2:0:0:0: Attached scsi generic sg0 type 0
[    5.298809] sd 2:0:1:0: Attached scsi generic sg1 type 0
[    5.303824] sd 2:0:1:0: [sdb] 20480 512-byte logical blocks: (10.5 MB/10.0 MiB)
[    5.309463] sd 2:0:1:0: [sdb] Write Protect is off
[    5.313503] sd 2:0:1:0: [sdb] Incomplete mode parameter data
[    5.317984] sd 2:0:1:0: [sdb] Assuming drive cache: write through
[    5.318409] sd 2:0:0:0: [sda] 83886080 512-byte logical blocks: (42.9 GB/40.0 GiB)
[    5.336570] sd 2:0:0:0: [sda] Write Protect is off
[    5.343523] sd 2:0:0:0: [sda] Incomplete mode parameter data
[    5.348337] sd 2:0:0:0: [sda] Assuming drive cache: write through
[    5.355524] sd 2:0:1:0: [sdb] Attached SCSI disk
[    5.367291]  sda: sda1
[    5.372186] sd 2:0:0:0: [sda] Attached SCSI disk
[    5.479308] e1000 0000:00:08.0 eth1: (PCI:33MHz:32-bit) 08:00:27:df:ff:5e
[    5.484350] e1000 0000:00:08.0 eth1: Intel(R) PRO/1000 Network Connection
[    5.491734] e1000 0000:00:03.0 enp0s3: renamed from eth0
[    5.505103] e1000 0000:00:08.0 enp0s8: renamed from eth1
Begin: Loading essential drivers ... [    7.460770] raid6: sse2x1   gen() 14454 MB/s
[    7.508758] raid6: sse2x1   xor()  8398 MB/s
[    7.560249] raid6: sse2x2   gen() 18206 MB/s
[    7.608003] raid6: sse2x2   xor() 11644 MB/s
[    7.656456] raid6: sse2x4   gen() 19296 MB/s
[    7.704416] raid6: sse2x4   xor() 11547 MB/s
[    7.707936] raid6: using algorithm sse2x4 gen() 19296 MB/s
[    7.711651] raid6: .... xor() 11547 MB/s, rmw enabled
[    7.715089] raid6: using ssse3x2 recovery algorithm
[    7.720373] xor: measuring software checksum speed
[   85.123589] INFO: rcu_sched self-detected stall on CPU
[   85.123563] INFO: rcu_sched self-detected stall on CPU
[   85.128594] 	1-...!: (1 GPs behind) idle=44a/140000000000001/0 softirq=671/672 fqs=0 
[   85.137956] 	 (t=19350 jiffies g=-138 c=-139 q=169)
[   85.137954] 	0-...!: (1 ticks this GP) idle=d3e/1/0 softirq=1245/1245 fqs=0 
[   85.141905] rcu_sched kthread starved for 19350 jiffies! g18446744073709551478 c18446744073709551477 f0x0 RCU_GP_WAIT_FQS(3) ->state=0x402 ->cpu=0
[   85.141907] rcu_sched       I    0     8      2 0x80000000
[   85.147504] 	 (t=19350 jiffies g=-138 c=-139 q=169)
[   85.157440] Call Trace:
[   85.161558] rcu_sched kthread starved for 19350 jiffies! g18446744073709551478 c18446744073709551477 f0x0 RCU_GP_WAIT_FQS(3) ->state=0x402 ->cpu=0
[   85.165606]  __schedule+0x24e/0x890
[   85.167398] rcu_sched       I    0     8      2 0x80000000
[   85.176926]  schedule+0x2c/0x80
[   85.179444] Call Trace:
[   85.183492]  schedule_timeout+0x15d/0x370
[   85.186325]  __schedule+0x24e/0x890
[   85.189307]  ? __next_timer_interrupt+0xe0/0xe0
[   85.192613]  schedule+0x2c/0x80
[   85.195506]  rcu_gp_kthread+0x53a/0x980
[   85.198484]  schedule_timeout+0x15d/0x370
[   85.200992]  kthread+0x121/0x140
[   85.203523]  ? __next_timer_interrupt+0xe0/0xe0
[   85.207156]  ? rcu_note_context_switch+0x150/0x150
[   85.209403]  rcu_gp_kthread+0x53a/0x980
[   85.212728]  ? kthread_create_worker_on_cpu+0x70/0x70
[   85.215943]  kthread+0x121/0x140
[   85.218863]  ret_from_fork+0x1f/0x40
[   85.222245]  ? rcu_note_context_switch+0x150/0x150
[   85.224875] Sending NMI from CPU 1 to CPUs 0:
[   85.227471]  ? kthread_create_worker_on_cpu+0x70/0x70
[   85.232094] NMI backtrace for cpu 0
[   85.232095] CPU: 0 PID: 0 Comm: swapper/0 Not tainted 4.15.0-212-generic #223-Ubuntu
[   85.232095] Hardware name: innotek GmbH VirtualBox/VirtualBox, BIOS VirtualBox 12/01/2006
[   85.232096] RIP: 0010:io_serial_out+0x1a/0x20
[   85.232096] RSP: 0018:ffff8e957fc03b00 EFLAGS: 00010002
[   85.232096] RAX: 000000000000005b RBX: ffffffffb3716e60 RCX: 0000000000000000
[   85.232097] RDX: 00000000000003f8 RSI: 0000000000000000 RDI: ffffffffb3716e60
[   85.232097] RBP: ffff8e957fc03b00 R08: 0000000000000000 R09: 0000000000000007
[   85.232097] R10: 0000000000000000 R11: ffffffffb356a80d R12: 000000000000005b
[   85.232097] R13: ffffffffb356a831 R14: ffffffffb356a801 R15: ffffffffb3716e60
[   85.232098] FS:  0000000000000000(0000) GS:ffff8e957fc00000(0000) knlGS:0000000000000000
[   85.232098] CS:  0010 DS: 0000 ES: 0000 CR0: 0000000080050033
[   85.232098] CR2: 0000560c082a7808 CR3: 000000001a80a001 CR4: 00000000000206f0
[   85.232098] Call Trace:
[   85.232099]  <IRQ>
[   85.232099]  serial8250_console_putchar+0x2d/0x40
[   85.232099]  ? wait_for_xmitr+0xb0/0xb0
[   85.232099]  uart_console_write+0x4c/0x60
[   85.232100]  serial8250_console_write+0x10a/0x2a0
[   85.232100]  ? msg_print_text+0x80/0x100
[   85.232100]  univ8250_console_write+0x21/0x30
[   85.232100]  console_unlock+0x3cf/0x560
[   85.232100]  vprintk_emit+0x134/0x2c0
[   85.232101]  ? kthread_create_worker_on_cpu+0x70/0x70
[   85.232101]  vprintk_default+0x29/0x50
[   85.232101]  vprintk_func+0x47/0xc0
[   85.232101]  printk+0x52/0x6e
[   85.232101]  ? kernel_text_address+0xe8/0xf0
[   85.232102]  ? kthread_create_worker_on_cpu+0x70/0x70
[   85.232102]  ? kthread_create_worker_on_cpu+0x70/0x70
[   85.232102]  show_trace_log_lvl+0x179/0x3d0
[   85.232102]  ? kthread_create_worker_on_cpu+0x70/0x70
[   85.232102]  ? ret_from_fork+0x1f/0x40
[   85.232103]  show_stack+0x34/0x50
[   85.232103]  sched_show_task+0xfe/0x130
[   85.232103]  rcu_check_gp_kthread_starvation+0xad/0xc0
[   85.232103]  rcu_check_callbacks+0x6c5/0x8e0
[   85.232104]  ? swake_up+0x37/0x40
[   85.232104]  ? tick_sched_do_timer+0x50/0x50
[   85.232104]  update_process_times+0x2f/0x60
[   85.232104]  tick_sched_handle+0x26/0x70
[   85.232105]  ? tick_sched_do_timer+0x50/0x50
[   85.232105]  tick_sched_timer+0x39/0x80
[   85.232105]  __hrtimer_run_queues+0xdf/0x230
[   85.232105]  hrtimer_interrupt+0x97/0x180
[   85.232105]  smp_apic_timer_interrupt+0x6f/0x140
[   85.232106]  apic_timer_interrupt+0x90/0xa0
[   85.232106]  </IRQ>
[   85.232106] RIP: 0010:native_safe_halt+0x12/0x20
[   85.232106] RSP: 0018:ffffffffb3003e28 EFLAGS: 00010246 ORIG_RAX: ffffffffffffff11
[   85.232107] RAX: ffffffffb25cfa40 RBX: 0000000000000000 RCX: 0000000000000000
[   85.232107] RDX: 0000000000000000 RSI: 0000000000000000 RDI: 0000000000000000
[   85.232107] RBP: ffffffffb3003e28 R08: 0000000000000002 R09: 0000000000000000
[   85.232108] R10: 0000000000000001 R11: 000000000000021c R12: 0000000000000000
[   85.232108] R13: 0000000000000000 R14: 0000000000000000 R15: 0000000000000000
[   85.232108]  ? __sched_text_end+0x1/0x1
[   85.232108]  default_idle+0x20/0x100
[   85.232108]  arch_cpu_idle+0x15/0x20
[   85.232109]  default_idle_call+0x23/0x30
[   85.232109]  do_idle+0x172/0x1f0
[   85.232109]  cpu_startup_entry+0x73/0x80
[   85.232109]  rest_init+0xae/0xb0
[   85.232109]  start_kernel+0x4c9/0x4ed
[   85.232110]  x86_64_start_reservations+0x24/0x26
[   85.232110]  x86_64_start_kernel+0x8e/0x91
[   85.232110]  secondary_startup_64+0xa5/0xb0
[   85.232110] Code: 55 48 89 e5 d3 e6 01 f2 ec 0f b6 c0 5d c3 0f 1f 00 0f 1f 44 00 00 0f b6 8f a1 00 00 00 89 d0 8b 57 08 55 48 89 e5 d3 e6 01 f2 ee <5d> c3 0f 1f 40 00 0f 1f 44 00 00 0f b6 87 a2 00 00 00 55 48 c7 
[   85.232117] NMI backtrace for cpu 1
[   85.234216]  ret_from_fork+0x1f/0x40
[   85.238061] CPU: 1 PID: 271 Comm: modprobe Not tainted 4.15.0-212-generic #223-Ubuntu
[   85.497024] Hardware name: innotek GmbH VirtualBox/VirtualBox, BIOS VirtualBox 12/01/2006
[   85.502717] Call Trace:
[   85.504746]  <IRQ>
[   85.506436]  dump_stack+0x6d/0x8b
[   85.508897]  nmi_cpu_backtrace+0x94/0xa0
[   85.511721]  ? lapic_can_unplug_cpu+0xb0/0xb0
[   85.515028]  nmi_trigger_cpumask_backtrace+0xe7/0x130
[   85.519017]  arch_trigger_cpumask_backtrace+0x19/0x20
[   85.522615]  rcu_dump_cpu_stacks+0xa3/0xd5
[   85.525632]  rcu_check_callbacks+0x6cd/0x8e0
[   85.528702]  ? tick_sched_do_timer+0x50/0x50
[   85.531580]  update_process_times+0x2f/0x60
[   85.534410]  tick_sched_handle+0x26/0x70
[   85.537276]  ? tick_sched_do_timer+0x42/0x50
[   85.540186]  tick_sched_timer+0x39/0x80
[   85.542872]  __hrtimer_run_queues+0xdf/0x230
[   85.545821]  hrtimer_interrupt+0x97/0x180
[   85.548575]  smp_apic_timer_interrupt+0x6f/0x140
[   85.551776]  apic_timer_interrupt+0x90/0xa0
[   85.554628]  </IRQ>
[   85.556712] RIP: 0010:do_xor_speed+0x4f/0xc9 [xor]
[   85.560408] RSP: 0018:ffffb38f003fbc08 EFLAGS: 00010246 ORIG_RAX: ffffffffffffff11
[   85.566106] RAX: 0000000000000000 RBX: 0000000000000000 RCX: ffffffffb3063d28
[   85.571323] RDX: 00000000fffee293 RSI: ffff8e9576810000 RDI: ffffffffc0423080
[   85.576421] RBP: ffffb38f003fbc40 R08: 00000000000001ad R09: 0000000000000000
[   85.581822] R10: 0000000000000001 R11: ffffffffb213a270 R12: ffffffffc0423080
[   85.587950] R13: ffff8e9579905be0 R14: 0000000000000005 R15: 00000000fffee293
[   85.593354]  ? vga_set_palette+0x180/0x180
[   85.596494]  calibrate_xor_blocks+0xc3/0xf37 [xor]
[   85.600584]  ? do_xor_speed+0xc9/0xc9 [xor]
[   85.603679]  do_one_initcall+0x52/0x1b0
[   85.606979]  ? _cond_resched+0x19/0x40
[   85.610588]  ? kmem_cache_alloc_trace+0x167/0x1d0
[   85.613998]  ? do_init_module+0x27/0x1f2
[   85.616866]  do_init_module+0x4f/0x1f2
[   85.619794]  load_module+0x1aa7/0x1fd0
[   85.622575]  ? ima_post_read_file+0x96/0xa0
[   85.625669]  SYSC_finit_module+0xfc/0x120
[   85.628561]  ? SYSC_finit_module+0xfc/0x120
[   85.631545]  SyS_finit_module+0xe/0x10
[   85.634755]  do_syscall_64+0x73/0x130
[   85.637415]  entry_SYSCALL_64_after_hwframe+0x59/0xbe
[   85.641654] RIP: 0033:0x7fbb0314d539
[   85.644232] RSP: 002b:00007ffd5cb7ac58 EFLAGS: 00000246 ORIG_RAX: 0000000000000139
[   85.649260] RAX: ffffffffffffffda RBX: 0000558953b0d700 RCX: 00007fbb0314d539
[   85.653872] RDX: 0000000000000000 RSI: 0000558951cc7cee RDI: 0000000000000005
[   85.659292] RBP: 0000558951cc7cee R08: 0000000000000000 R09: 0000558953b0ce00
[   85.664665] R10: 0000000000000005 R11: 0000000000000246 R12: 0000000000000000
[   85.669693] R13: 0000558953b14630 R14: 0000000000060000 R15: 0000558953b0ce00
[   85.675555] NMI backtrace for cpu 0
[   85.678372] CPU: 0 PID: 0 Comm: swapper/0 Not tainted 4.15.0-212-generic #223-Ubuntu
[   85.684449] Hardware name: innotek GmbH VirtualBox/VirtualBox, BIOS VirtualBox 12/01/2006
[   85.690086] Call Trace:
[   85.692607]  <IRQ>
[   85.694184]  dump_stack+0x6d/0x8b
[   85.696453]  nmi_cpu_backtrace+0x94/0xa0
[   85.699088]  ? lapic_can_unplug_cpu+0xb0/0xb0
[   85.702021]  nmi_trigger_cpumask_backtrace+0xe7/0x130
[   85.705440]  arch_trigger_cpumask_backtrace+0x19/0x20
[   85.709638]  rcu_dump_cpu_stacks+0xa3/0xd5
[   85.712448]  rcu_check_callbacks+0x6cd/0x8e0
[   85.715302]  ? swake_up+0x37/0x40
[   85.717568]  ? tick_sched_do_timer+0x50/0x50
[   85.720441]  update_process_times+0x2f/0x60
[   85.723410]  tick_sched_handle+0x26/0x70
[   85.726849]  ? tick_sched_do_timer+0x50/0x50
[   85.729754]  tick_sched_timer+0x39/0x80
[   85.732449]  __hrtimer_run_queues+0xdf/0x230
[   85.735700]  hrtimer_interrupt+0x97/0x180
[   85.738492]  smp_apic_timer_interrupt+0x6f/0x140
[   85.742173]  apic_timer_interrupt+0x90/0xa0
[   85.745239]  </IRQ>
[   85.746833] RIP: 0010:native_safe_halt+0x12/0x20
[   85.750014] RSP: 0018:ffffffffb3003e28 EFLAGS: 00010246 ORIG_RAX: ffffffffffffff11
[   85.755122] RAX: ffffffffb25cfa40 RBX: 0000000000000000 RCX: 0000000000000000
[   85.761793] RDX: 0000000000000000 RSI: 0000000000000000 RDI: 0000000000000000
[   85.766632] RBP: ffffffffb3003e28 R08: 0000000000000002 R09: 0000000000000000
[   85.771506] R10: 0000000000000001 R11: 000000000000021c R12: 0000000000000000
[   85.780613] R13: 0000000000000000 R14: 0000000000000000 R15: 0000000000000000
[   85.786738]  ? __sched_text_end+0x1/0x1
[   85.790231]  default_idle+0x20/0x100
[   85.793024]  arch_cpu_idle+0x15/0x20
[   85.795834]  default_idle_call+0x23/0x30
[   85.798875]  do_idle+0x172/0x1f0
[   85.802199]  cpu_startup_entry+0x73/0x80
[   85.805114]  rest_init+0xae/0xb0
[   85.807627]  start_kernel+0x4c9/0x4ed
[   85.810550]  x86_64_start_reservations+0x24/0x26
[   85.813847]  x86_64_start_kernel+0x8e/0x91
[   85.817766]  secondary_startup_64+0xa5/0xb0
[   85.820748] Sending NMI from CPU 0 to CPUs 1:
[   85.895786]    prefetch64-sse: 587499.000 MB/sec
[   86.194320]    generic_sse: 67336.000 MB/sec
[   86.197374] xor: using function: prefetch64-sse (587499.000 MB/sec)
[   95.778738] async_tx: api initialized (async)
done.
Begin: Running /scripts/init-premount ... done.
Begin: Mounting root file system ... Begin: Running /scripts/local-top ... done.
Begin: Running /scripts/local-premount ... [   95.835213] Btrfs loaded, crc32c=crc32c-intel
Scanning for Btrfs filesystems
done.
Warning: fsck not present, so skipping root file system
[   95.881743] EXT4-fs (sda1): mounted filesystem with ordered data mode. Opts: (null)
done.
Begin: Running /scripts/local-bottom ... done.
Begin: Running /scripts/init-bottom ... done.
[   96.075988] ip_tables: (C) 2000-2006 Netfilter Core Team
[   96.092402] systemd[1]: systemd 237 running in system mode. (+PAM +AUDIT +SELINUX +IMA +APPARMOR +SMACK +SYSVINIT +UTMP +LIBCRYPTSETUP +GCRYPT +GNUTLS +ACL +XZ +LZ4 +SECCOMP +BLKID +ELFUTILS +KMOD -IDN2 +IDN -PCRE2 default-hierarchy=hybrid)
[   96.108601] systemd[1]: Detected virtualization oracle.
[   96.112575] systemd[1]: Detected architecture x86-64.

Welcome to [1mUbuntu 18.04.6 LTS[0m!

[   96.140681] systemd[1]: Set hostname to <ubuntu>.
[   96.147828] systemd[1]: Initializing machine ID from random generator.
[   96.154445] systemd[1]: Installed transient /etc/machine-id file.
[   96.431327] systemd[1]: Set up automount Arbitrary Executable File Formats File System Automount Point.
[[0;32m  OK  [0m] Set up automount Arbitrary Executab…rmats File System Automount Point.
[   96.452206] systemd[1]: Reached target Swap.
[[0;32m  OK  [0m] Reached target Swap.
[   96.456924] systemd[1]: Reached target User and Group Name Lookups.
[[0;32m  OK  [0m] Reached target User and Group Name Lookups.
[   96.473848] systemd[1]: Created slice User and Session Slice.
[[0;32m  OK  [0m] Created slice User and Session Slice.
[[0;32m  OK  [0m] Reached target Mounting snaps.
[[0;32m  OK  [0m] Reached target Mounted snaps.
[[0;32m  OK  [0m] Reached target System Time Synchronized.
[[0;32m  OK  [0m] Created slice System Slice.
[[0;32m  OK  [0m] Listening on fsck to fsckd communication Socket.
[[0;32m  OK  [0m] Listening on udev Kernel Socket.
[[0;32m  OK  [0m] Created slice system-serial\x2dgetty.slice.
[[0;32m  OK  [0m] Listening on Syslog Socket.
[[0;32m  OK  [0m] Listening on Journal Audit Socket.
[[0;32m  OK  [0m] Listening on LVM2 metadata daemon socket.
[[0;32m  OK  [0m] Listening on Journal Socket (/dev/log).
[[0;32m  OK  [0m] Reached target Slices.
[[0;32m  OK  [0m] Listening on Device-mapper event daemon FIFOs.
[[0;32m  OK  [0m] Listening on Journal Socket.
         Starting Journal Service...
         Mounting Kernel Debug File System...
         Starting Load Kernel Modules...
         Starting Monitoring of LVM2 mirrors…ng dmeventd or progress polling...
         Mounting POSIX Message Queue File System...
[[0;32m  OK  [0m] Listening on LVM2 poll daemon socket.
[[0;32m  OK  [0m] Listening on udev Control Socket.
         Starting Uncomplicated firewall...
         Starting Set the console keyboard layout...
         Starting File System Check on Root Device...
[   96.538622] Loading iSCSI transport class v2.0-870.
[[0;32m  OK  [0m] Listening on Network Service Netlink Socket.
         Mounting Huge Pages File System...
[[0;32m  OK  [0m] Listening on /dev/initctl Compatibility Named Pipe.
         Starting udev Coldplug all Devices...
         Starting Create list of required st…ce nodes for the current kernel...
[[0;32m  OK  [0m] Started Forward Password Requests to Wall Directory Watch.
[[0;32m  OK  [0m] Started Journal Service.
[[0;32m  OK  [0m] Mounted Kernel Debug File System.
[[0;32m  OK  [0m] Mounted POSIX Message Queue File System.
[[0;32m  OK  [0m] Mounted Huge Pages File System.
[[0;32m  OK  [0m] Started LVM2 metadata daemon.
[[0;32m  OK  [0m] Started Uncomplicated firewall.
[[0;32m  OK  [0m] Started File System Check Daemon to report status.
[   96.625384] iscsi: registered transport (tcp)
[   96.647589] iscsi: registered transport (iser)
[[0;32m  OK  [0m] Started Load Kernel Modules.
         Mounting FUSE Control File System...
         Starting Apply Kernel Variables...
         Mounting Kernel Configuration File System...
[[0;32m  OK  [0m] Mounted FUSE Control File System.
[[0;32m  OK  [0m] Mounted Kernel Configuration File System.
[[0;32m  OK  [0m] Started Create list of required sta…vice nodes for the current kernel.
         Starting Create Static Device Nodes in /dev...
[[0;32m  OK  [0m] Started udev Coldplug all Devices.
[[0;32m  OK  [0m] Started Create Static Device Nodes in /dev.
[[0;32m  OK  [0m] Started Monitoring of LVM2 mirrors,…sing dmeventd or progress polling.
[[0;32m  OK  [0m] Started File System Check on Root Device.
[[0;32m  OK  [0m] Started Apply Kernel Variables.
         Starting Remount Root and Kernel File Systems...
[[0;32m  OK  [0m] Started Remount Root and Kernel File Systems.
         Starting udev Kernel Device Manager...
         Starting Flush Journal to Persistent Storage...
         Starting Load/Save Random Seed...
[[0;32m  OK  [0m] Started Load/Save Random Seed.
[[0;32m  OK  [0m] Started udev Kernel Device Manager.
[[0;32m  OK  [0m] Started Flush Journal to Persistent Storage.
[[0;32m  OK  [0m] Found device /dev/ttyS0.
[[0;32m  OK  [0m] Listening on Load/Save RF Kill Switch Status /dev/rfkill Watch.
         Mounting Arbitrary Executable File Formats File System...
[[0;32m  OK  [0m] Mounted Arbitrary Executable File Formats File System.
[[0;32m  OK  [0m] Started Set the console keyboard layout.
[[0;32m  OK  [0m] Started Dispatch Password Requests to Console Directory Watch.
[[0;32m  OK  [0m] Reached target Local Encrypted Volumes.
[[0;32m  OK  [0m] Reached target Local File Systems (Pre).
[[0;32m  OK  [0m] Reached target Local File Systems.
         Starting Commit a transient machine-id on disk...
         Starting Tell Plymouth To Write Out Runtime Data...
         Starting ebtables ruleset management...
         Starting Create Volatile Files and Directories...
         Starting AppArmor initialization...
         Starting Set console font and keymap...
[[0;32m  OK  [0m] Started Tell Plymouth To Write Out Runtime Data.
[[0;32m  OK  [0m] Started Create Volatile Files and Directories.
         Starting Update UTMP about System Boot/Shutdown...
[[0;32m  OK  [0m] Started Update UTMP about System Boot/Shutdown.
[[0;32m  OK  [0m] Started Commit a transient machine-id on disk.
[[0;32m  OK  [0m] Started ebtables ruleset management.
[[0;32m  OK  [0m] Started AppArmor initialization.
         Starting Load AppArmor profiles managed internally by snapd...
         Starting Initial cloud-init job (pre-networking)...
[[0;32m  OK  [0m] Started Load AppArmor profiles managed internally by snapd.
[[0;32m  OK  [0m] Started Set console font and keymap.
[   99.916443] cloud-init[780]: Cloud-init v. 23.1.2-0ubuntu0~18.04.1 running 'init-local' at Sat, 19 Oct 2024 05:04:53 +0000. Up 99.62 seconds.
[[0;32m  OK  [0m] Started Initial cloud-init job (pre-networking).
[[0;32m  OK  [0m] Reached target Network (Pre).
         Starting Network Service...
[[0;32m  OK  [0m] Started Network Service.
         Starting Network Name Resolution...
         Starting Wait for Network to be Configured...
[[0;32m  OK  [0m] Started Network Name Resolution.
[[0;32m  OK  [0m] Reached target Network.
[[0;32m  OK  [0m] Reached target Host and Network Name Lookups.
[[0;32m  OK  [0m] Started Wait for Network to be Configured.
         Starting Initial cloud-init job (metadata service crawler)...
[  101.840507] cloud-init[930]: Cloud-init v. 23.1.2-0ubuntu0~18.04.1 running 'init' at Sat, 19 Oct 2024 05:04:55 +0000. Up 101.74 seconds.
[  101.845595] cloud-init[930]: ci-info: ++++++++++++++++++++++++++++++++++++++Net device info+++++++++++++++++++++++++++++++++++++++
[  101.850283] cloud-init[930]: ci-info: +--------+-------+----------------------------+---------------+--------+-------------------+
[  101.865369] cloud-init[930]: ci-info: | Device |   Up  |          Address           |      Mask     | Scope  |     Hw-Address    |
[  101.870570] cloud-init[930]: ci-info: +--------+-------+----------------------------+---------------+--------+-------------------+
[  101.875251] cloud-init[930]: ci-info: | enp0s3 |  True |         10.0.2.15          | 255.255.255.0 | global | 02:3b:7b:b7:3b:2d |
[  101.881544] cloud-init[930]: ci-info: | enp0s3 |  True | fe80::3b:7bff:feb7:3b2d/64 |       .       |  link  | 02:3b:7b:b7:3b:2d |
[  101.886947] cloud-init[930]: ci-info: | enp0s8 | False |             .              |       .       |   .    | 08:00:27:df:ff:5e |
[  101.891575] cloud-init[930]: ci-info: |   lo   |  True |         127.0.0.1          |   255.0.0.0   |  host  |         .         |
[  101.896462] cloud-init[930]: ci-info: |   lo   |  True |          ::1/128           |       .       |  host  |         .         |
[  101.901245] cloud-init[930]: ci-info: +--------+-------+----------------------------+---------------+--------+-------------------+
[  101.905836] cloud-init[930]: ci-info: ++++++++++++++++++++++++++++Route IPv4 info+++++++++++++++++++++++++++++
[  101.910722] cloud-init[930]: ci-info: +-------+-------------+----------+-----------------+-----------+-------+
[  101.915216] cloud-init[930]: ci-info: | Route | Destination | Gateway  |     Genmask     | Interface | Flags |
[  101.919681] cloud-init[930]: ci-info: +-------+-------------+----------+-----------------+-----------+-------+
[  101.923935] cloud-init[930]: ci-info: |   0   |   0.0.0.0   | 10.0.2.2 |     0.0.0.0     |   enp0s3  |   UG  |
[  101.928986] cloud-init[930]: ci-info: |   1   |   10.0.2.0  | 0.0.0.0  |  255.255.255.0  |   enp0s3  |   U   |
[  101.933841] cloud-init[930]: ci-info: |   2   |   10.0.2.2  | 0.0.0.0  | 255.255.255.255 |   enp0s3  |   UH  |
[  101.938552] cloud-init[930]: ci-info: +-------+-------------+----------+-----------------+-----------+-------+
[  101.943118] cloud-init[930]: ci-info: +++++++++++++++++++Route IPv6 info+++++++++++++++++++
[  101.946927] cloud-init[930]: ci-info: +-------+-------------+---------+-----------+-------+
[  101.950780] cloud-init[930]: ci-info: | Route | Destination | Gateway | Interface | Flags |
[  101.954660] cloud-init[930]: ci-info: +-------+-------------+---------+-----------+-------+
[  101.958712] cloud-init[930]: ci-info: |   1   |  fe80::/64  |    ::   |   enp0s3  |   U   |
[  101.962552] cloud-init[930]: ci-info: |   3   |    local    |    ::   |   enp0s3  |   U   |
[  101.966340] cloud-init[930]: ci-info: |   4   |   ff00::/8  |    ::   |   enp0s3  |   U   |
[  101.970403] cloud-init[930]: ci-info: +-------+-------------+---------+-----------+-------+
[  102.583069] cloud-init[930]: Generating public/private rsa key pair.
[  102.586967] cloud-init[930]: Your identification has been saved in /etc/ssh/ssh_host_rsa_key.
[  102.591249] cloud-init[930]: Your public key has been saved in /etc/ssh/ssh_host_rsa_key.pub.
[  102.595475] cloud-init[930]: The key fingerprint is:
[  102.599243] cloud-init[930]: SHA256:XjwW0tAnB+cUw92UTwJe+/yeEXCFtJqyXbnfFC+eiUo root@ubuntu-bionic
[  102.603500] cloud-init[930]: The key's randomart image is:
[  102.606801] cloud-init[930]: +---[RSA 2048]----+
[  102.610041] cloud-init[930]: |        ...o*=o++|
[  102.614081] cloud-init[930]: |         oo=+o+++|
[  102.617442] cloud-init[[0;32m  OK  [0m] Started Initial cloud-init job (metadata service crawler).
[[0;32m  OK  [0m] Reached target Cloud-config availability.
[[0;32m  OK  [0m] Reached target System Initialization.
         Starting Socket activation for snappy daemon.
[[0;32m  OK  [0m] Listening on cloud-init hotplug hook socket.
[[0;32m  OK  [0m] Started ACPI Events Check.
[[0;32m  OK  [0m] Started Daily apt download activities.
[[0;32m  OK  [0m] Started Daily Cleanup of Temporary Directories.
[[0;32m  OK  [0m] Started Ubuntu Advantage Timer for running repeated jobs.
[[0;32m  OK  [0m] Listening on D-Bus System Message Bus Socket.
[[0;32m  OK  [0m] Listening on Open-iSCSI iscsid Socket.
[[0;32m  OK  [0m] Listening on UUID daemon activation socket.
[[0;32m  OK  [0m] Started Discard unused blocks once a week.
[[0;32m  OK  [0m] Reached target Paths.
[[0;32m  OK  [0m] Started Daily apt upgrade and clean activities.
[[0;32m  OK  [0m] Listening on ACPID Listen Socket.
[[0;32m  OK  [0m] Started Message of the Day.
[[0;32m  OK  [0m] Reached target Timers.
         Starting LXD - unix socket.
[[0;32m  OK  [0m] Reached target Network is Online.
         Starting Availability of block devices...
[[0;32m  OK  [0m] Reached target Remote File Systems (Pre).
[[0;32m  OK  [0m] Reached target Remote File Systems.
[[0;32m  OK  [0m] Listening on Socket activation for snappy daemon.
[[0;32m  OK  [0m] Listening on LXD - unix socket.
[[0;32m  OK  [0m] Reached target Sockets.
[[0;32m  OK  [0m] Reached target Basic System.
[[0;32m  OK  [0m] Started FUSE filesystem for LXC.
         Starting Virtualbox guest utils...
         Starting Accounts Service...
[[0;32m  OK  [0m] Started Regular background program processing daemon.
[[0;32m  OK  [0m] Started Deferred execution scheduler.
[[0;32m  OK  [0m] Started D-Bus System Message Bus.
[930]: |        . o+o.o+.|
[  102.669192] cloud-init[930]: |         o . oo+.|
[  102.673189] cloud-init[930]: |        S * o ooo|
[  102.677064] cloud-init[930]: |       . o = . .=|
[  102.681532] cloud-init[930]: |        . E . o.+|
[  102.686187] cloud-init[930]: |         .   o B+|
[  102.689766] cloud-init[930]: |          ... +.+|
[  102.693533] cloud-init[930]: +----[SHA256]-----+
[  102.697297] cloud-init         Starting LXD - container startup/shutdown...
         Starting Permit User Sessions...
         Starting System Logging Service...
[930]: Generating public/private dsa key pair.
[  102.706549] cloud-init[930]: Your identification has been saved in /etc/ssh/ssh_host_dsa_key.
[  102.710885] cloud-init[930]: Your public key has been saved in /etc/ssh/ssh_host_dsa_key.pub.
[  102.715904] cloud-init[930]: The key fingerprint is:
[  102.721977] cloud-init[930]: SHA256:3V4ZR0N5XC3l5xlpBuzgZz+hmaBfcHC/WzsS1zcQeNg root@ubuntu-bionic
[  102.729695] cloud-init[930]: The key's randomart image is:
[  102.733083] cloud-init[930]: +---[DSA 1024]----+
[  102.736549] cloud-init[930]: |            =..=B|
[  102.743292] cloud-init[930]: |           = Eo+*|
[  102.747585] cloud-init[930]: |          . * +*=|
[  102.750980] cloud-init[930]: |         . = *oB+|
[  102.754987] cloud-init[930]: |        S o B O.=|[[0;32m  OK  [0m] Started irqbalance daemon.
         Starting Snap Daemon...
         Starting LSB: automatic crash report generation...
         Starting Login Service...
[[0;32m  OK  [0m] Reached target Login Prompts (Pre).

[  102.767176]          Starting Dispatcher daemon for systemd-networkd...
cloud-init[930]: |         . . B *+|
[  102.774219] cloud-init[930]:          Starting Pollinate to seed the pseudo random number generator...
         Starting LSB: Record successful boot for GRUB...
|          . o o B|
[  102.793934] cloud-init[930]: |           . . + |
[  102.797675] cloud-init[930]: |              . .|
[  102.803187] cloud-init[930]: +----[SHA256]-----+
[  102.808662] cloud-init[930]: Generating public/private ecdsa key pair.
[  102.813012] cloud-init[930]: Your identification has been saved in /etc/ssh/ssh_host_ecdsa_key.
[  102.817884] cloud-init[930]: Your public key has been saved in /etc/ssh/ssh_host_ecdsa_key.pub.
[  102.822216] cloud-init[930]: The key fingerprint is:
[  102.825530] cloud-init[930]: SHA256:W3aXQteI4pN5H6W9OJQPmxLOMWT/f7F1LVmQ96lU60o root@ubuntu-bionic
[  102.833171] cloud-init[930]: The key's randomart image is:
[  102.836867] cloud-init[930]: +---[ECDSA 256]---+
[  102.841127] [[0;32m  OK  [0m] Started Availability of block devices.
[[0;32m  OK  [0m] Started Permit User Sessions.
cloud-init[930]: |               . |
         Starting Authorization Manager...
         Starting Terminate Plymouth Boot Screen...
         Starting Hold until boot process finishes up...
[  102.854761] [[0;32m  OK  [0m] Started Hold until boot process finishes up.
         Starting Set console scheme...
[[0;32m  OK  [0m] Started Serial Getty on ttyS0.
cloud-init[930]: |             .o+.|
[  102.866217] cloud-init[[0;32m  OK  [0m] Started Terminate Plymouth Boot Screen.
[930]: |          .oo +o*|
[  102.873826] cloud-init[930]: |         .o=.o.Bo|
[  102.877197] cloud-init[930]: |        S B+==Boo|
[  102.891181] cloud-init[930]: |         +o+=EX+=|
[  102.895696] cloud-init[930]: |        .  +.=o==|
[  102.899574] cloud-init[930]: |            ....o|
[  102.903311] cloud-init[930]: |                o|
[  102.907098] cloud-init[930]: +----[SHA256]-----+
[  102.910628] cloud-init[930]: Generating public/private ed25519 key pair.
[  102.914616] cloud-init[930]: Your identification has been saved in /etc/ssh/ssh_host_ed25519_key.
[  102.919601] cloud-init[930]: Your public key has been saved in /etc/ssh/ssh_host_ed25519_key.pub.
[  102.924772] cloud-init[930]: The key fingerprint is:
[  102.930785] cloud-init[930]: SHA256:ksrkx7j+OwfHqYOmHa8ChaNrnLEJVyenKzCT5ounM80 root@ubuntu-bionic
[  102.936838] cloud-init[930]: The key's randomart image is:
[  102.942982] cloud-init[930]: +--[ED25519 256]--+
[  102.949085] cloud-init[930]: |                 |
[  102.960341] cloud-init[930]: |                 |
[  102.963639] cloud-init[930]: | .               |
[  102.967181] cloud-init[930]: |o . o o.         |
[  102.970811] cloud-init[930]: |.+ ..=o.S.       |
[  102.974225] cloud-init[930]: |Oo.+.+..+        |
[  102.979554] cloud-init[930]: |=X= *oo+         |
[  102.983148] cloud-init[930]: |=BE.+=+ .        |
[  102.987681] cloud-init[930]: |+*o*=o+=         |
[[0;32m  OK  [0m] Started Set console scheme.
[[0;32m  OK  [0m] Created slice system-getty.slice.
[[0;32m  OK  [0m] Started Getty on tty1.
[[0;32m  OK  [0m] Reached target Login Prompts.
[  103.000631] cloud-init[930]: +----[SHA256]-----+[[0;32m  OK  [0m] Started Login Service.

[[0;32m  OK  [0m] Started Unattended Upgrades Shutdown.
[[0;32m  OK  [0m] Started LSB: automatic crash report generation.
[[0;32m  OK  [0m] Started LSB: Record successful boot for GRUB.
[[0;32m  OK  [0m] Started System Logging Service.
[[0;32m  OK  [0m] Started Authorization Manager.
[[0;32m  OK  [0m] Started Accounts Service.
[[0;32m  OK  [0m] Started Virtualbox guest utils.
[[0;32m  OK  [0m] Started LXD - container startup/shutdown.
[[0;32m  OK  [0m] Started Dispatcher daemon for systemd-networkd.
[[0;32m  OK  [0m] Started Snap Daemon.
         Starting Wait until snapd is fully seeded...
         Starting Time & Date Service...
[[0;32m  OK  [0m] Started Time & Date Service.
[[0;32m  OK  [0m] Started Pollinate to seed the pseudo random number generator.
         Starting OpenBSD Secure Shell server...
[[0;32m  OK  [0m] Started OpenBSD Secure Shell server.
[[0;32m  OK  [0m] Created slice User Slice of vagrant.
         Starting User Manager for UID 1000...
[[0;32m  OK  [0m] Started Session 1 of user vagrant.
[[0;32m  OK  [0m] Started User Manager for UID 1000.
[[0;32m  OK  [0m] Started Wait until snapd is fully seeded.
         Starting Apply the settings specified in cloud-config...
[  107.697936] cloud-init[1557]: Cloud-init v. 23.1.2-0ubuntu0~18.04.1 running 'modules:config' at Sat, 19 Oct 2024 05:05:01 +0000. Up 107.34 seconds.
[[0;32m  OK  [0m] Started Apply the settings specified in cloud-config.
[[0;32m  OK  [0m] Reached target Multi-User System.
         Starting Execute cloud user/final scripts...
[[0;32m  OK  [0m] Reached target Graphical Interface.
         Starting Update UTMP about System Runlevel Changes...
[[0;32m  OK  [0m] Started Update UTMP about System Runlevel Changes.
ci-info: no authorized SSH keys fingerprints found for user ubuntu.
<14>Oct 19 05:05:02 cloud-init: #############################################################
<14>Oct 19 05:05:02 cloud-init: -----BEGIN SSH HOST KEY FINGERPRINTS-----
<14>Oct 19 05:05:02 cloud-init: 1024 SHA256:3V4ZR0N5XC3l5xlpBuzgZz+hmaBfcHC/WzsS1zcQeNg root@ubuntu-bionic (DSA)
<14>Oct 19 05:05:02 cloud-init: 256 SHA256:W3aXQteI4pN5H6W9OJQPmxLOMWT/f7F1LVmQ96lU60o root@ubuntu-bionic (ECDSA)
<14>Oct 19 05:05:02 cloud-init: 256 SHA256:ksrkx7j+OwfHqYOmHa8ChaNrnLEJVyenKzCT5ounM80 root@ubuntu-bionic (ED25519)
<14>Oct 19 05:05:02 cloud-init: 2048 SHA256:XjwW0tAnB+cUw92UTwJe+/yeEXCFtJqyXbnfFC+eiUo root@ubuntu-bionic (RSA)
<14>Oct 19 05:05:02 cloud-init: -----END SSH HOST KEY FINGERPRINTS-----
<14>Oct 19 05:05:02 cloud-init: #############################################################
-----BEGIN SSH HOST KEY KEYS-----
ecdsa-sha2-nistp256 AAAAE2VjZHNhLXNoYTItbmlzdHAyNTYAAAAIbmlzdHAyNTYAAABBBPGb8njwFgXP5qe/wDX9C52tUvm+TpMinA51b0vL4CQSf/qJ8kzHj9tbynsll+hKgI+C9oaDEUYB1IYSBJTv1rk= root@ubuntu-bionic
ssh-ed25519 AAAAC3NzaC1lZDI1NTE5AAAAID+8NAVRBn7zTtHDyZ70iN8PIjUXqiEai8bmA8P41z3o root@ubuntu-bionic
ssh-rsa AAAAB3NzaC1yc2EAAAADAQABAAABAQCcSVnAQymaenhk1r/FllSVi3PGyV5tHao9GeKVmaUA0Y/TKgZfOfPewKA8zGXR9Z9iXlUreua6zdZnTwTiBSnMhJ2H56/TQMj6AO7QqWaGX3NkpK0cbFSg6jXIxY3vzUAkjDOl6PF0V3H4H7m0napnugzz4dmOmq1rNURJoz6VT1uLob4ywYnLmHw1QKIHJhLg8oHUSRkp05vblpeDvXcVX0TMS5OYkeh2iy7qyQr3SDtncBhvG/N2ijBhIGmoEC7XDxg0Imoqvd+QWRwCZaAFP4i5jYPGLvMgVFEeoesJ8rAqafkQy0oNuIKYt4dthfHr/uWrrvHG7RDRIsuwO0CF root@ubuntu-bionic
-----END SSH HOST KEY KEYS-----
[  108.226952] cloud-init[1692]: Cloud-init v. 23.1.2-0ubuntu0~18.04.1 running 'modules:final' at Sat, 19 Oct 2024 05:05:01 +0000. Up 108.06 seconds.
[  108.232792] cloud-init[1692]: Cloud-init v. 23.1.2-0ubuntu0~18.04.1 finished at Sat, 19 Oct 2024 05:05:02 +0000. Datasource DataSourceNoCloud [seed=/dev/sdb][dsmode=net].  Up 108.19 seconds

Ubuntu 18.04.6 LTS ubuntu-bionic ttyS0

ubuntu-bionic login: 